app/build/intermediates/manifest_merge_blame_file/debug/manifest-merger-blame-debug-report.txt
1<?xml version="1.0" encoding="utf-8"?>
2<manifest xmlns:android="http://schemas.android.com/apk/res/android"
3    package="com.example.waste"
4    android:versionCode="1"
5    android:versionName="1.0" >
6
7    <uses-sdk
8        android:minSdkVersion="15"
8-->src\main\AndroidManifest.xml
9        android:targetSdkVersion="29" />
9-->src\main\AndroidManifest.xml
10
11    <!--
12         The ACCESS_COARSE/FINE_LOCATION permissions are not required to use
13         Google Maps Android API v2, but you must specify either coarse or fine
14         location permissions for the 'MyLocation' functionality.
15    -->
16    <uses-permission android:name="android.permission.ACCESS_FINE_LOCATION" />
16-->src\main\AndroidManifest.xml:10:5-79
16-->src\main\AndroidManifest.xml:10:22-76
17    <uses-permission android:name="android.permission.INTERNET" />
17-->src\main\AndroidManifest.xml:11:5-67
17-->src\main\AndroidManifest.xml:11:22-64
18    <uses-permission android:name="android.permission.ACCESS_COARSE_LOCATION" />
18-->src\main\AndroidManifest.xml:12:5-81
18-->src\main\AndroidManifest.xml:12:22-78
19
20    <!-- Include required permissions for Google Maps API to run. -->
21    <uses-permission android:name="android.permission.ACCESS_NETWORK_STATE" />
21-->[com.google.android.gms:play-services-maps:17.0.0] AndroidManifest.xml:23:5-79
21-->[com.google.android.gms:play-services-maps:17.0.0] AndroidManifest.xml:23:22-76
22
23    <uses-feature
23-->[com.google.android.gms:play-services-maps:17.0.0] AndroidManifest.xml:26:5-28:35
24        android:glEsVersion="0x00020000"
24-->[com.google.android.gms:play-services-maps:17.0.0] AndroidManifest.xml:27:9-41
25        android:required="true" />
25-->[com.google.android.gms:play-services-maps:17.0.0] AndroidManifest.xml:28:9-32
26
27    <application
27-->src\main\AndroidManifest.xml:14:5-78:19
28        android:allowBackup="true"
28-->src\main\AndroidManifest.xml:15:9-35
29        android:appComponentFactory="androidx.core.app.CoreComponentFactory"
29-->[androidx.core:core:1.0.1] AndroidManifest.xml:22:18-86
30        android:debuggable="true"
31        android:icon="@drawable/icon"
31-->src\main\AndroidManifest.xml:16:9-38
32        android:label="@string/app_name"
32-->src\main\AndroidManifest.xml:17:9-41
33        android:roundIcon="@mipmap/ic_launcher_round"
33-->src\main\AndroidManifest.xml:18:9-54
34        android:supportsRtl="true"
34-->src\main\AndroidManifest.xml:19:9-35
35        android:testOnly="true"
36        android:theme="@style/AppTheme"
36-->src\main\AndroidManifest.xml:20:9-40
37        android:usesCleartextTraffic="true" >
37-->src\main\AndroidManifest.xml:21:9-44
38
39        <!--
40             The API key for Google Maps-based APIs is defined as a string resource.
41             (See the file "res/values/google_maps_api.xml").
42             Note that the API key is linked to the encryption key used to sign the APK.
43             You need a different API key for each encryption key, including the release key that is used to
44             sign the APK for publishing.
45             You can define the keys for the debug and release targets in src/debug/ and src/release/.
46        -->
47        <meta-data
47-->src\main\AndroidManifest.xml:31:9-33:71
48            android:name="com.google.android.geo.API_KEY"
48-->src\main\AndroidManifest.xml:32:13-58
49            android:value="AIzaSyDtozOV_uFzkXMr2A8mbYLqhl4cjg5h2bE" />
49-->src\main\AndroidManifest.xml:33:13-68
50
51        <activity android:name="com.example.waste.Update" />
51-->src\main\AndroidManifest.xml:35:9-44
51-->src\main\AndroidManifest.xml:35:19-41
52        <activity android:name="com.example.waste.Viewbin" />
52-->src\main\AndroidManifest.xml:36:9-45
52-->src\main\AndroidManifest.xml:36:19-42
53        <activity android:name="com.example.waste.Report" />
53-->src\main\AndroidManifest.xml:37:9-44
53-->src\main\AndroidManifest.xml:37:19-41
54        <activity android:name="com.example.waste.Managedriver" />
54-->src\main\AndroidManifest.xml:38:9-50
54-->src\main\AndroidManifest.xml:38:19-47
55        <activity android:name="com.example.waste.Adminjob" />
55-->src\main\AndroidManifest.xml:39:9-46
55-->src\main\AndroidManifest.xml:39:19-43
56        <activity android:name="com.example.waste.Adminlogin" />
56-->src\main\AndroidManifest.xml:40:9-48
56-->src\main\AndroidManifest.xml:40:19-45
57        <activity android:name="com.example.waste.Listviewactivity" />
57-->src\main\AndroidManifest.xml:41:9-54
57-->src\main\AndroidManifest.xml:41:19-51
58        <activity
58-->src\main\AndroidManifest.xml:42:9-44:70
59            android:name="com.example.waste.Kisiilgooglemap"
59-->src\main\AndroidManifest.xml:43:13-44
60            android:label="@string/title_activity_kisiilgooglemap" />
60-->src\main\AndroidManifest.xml:44:13-67
61        <activity
61-->src\main\AndroidManifest.xml:45:9-47:65
62            android:name="com.example.waste.mgooglemap"
62-->src\main\AndroidManifest.xml:46:13-39
63            android:label="@string/title_activity_mgooglemap" />
63-->src\main\AndroidManifest.xml:47:13-62
64        <activity
64-->src\main\AndroidManifest.xml:48:9-50:65
65            android:name="com.example.waste.googleemap"
65-->src\main\AndroidManifest.xml:49:13-39
66            android:label="@string/title_activity_googleemap" />
66-->src\main\AndroidManifest.xml:50:13-62
67        <activity android:name="com.example.waste.Driverlogin" />
67-->src\main\AndroidManifest.xml:51:9-49
67-->src\main\AndroidManifest.xml:51:19-46
68        <activity android:name="com.example.waste.Assigndriver" /> <!-- <activity android:name=".Viewcomplaints" /> -->
68-->src\main\AndroidManifest.xml:52:9-50
68-->src\main\AndroidManifest.xml:52:19-47
69        <!-- <activity android:name=".Userprofile" /> -->
70        <!-- <activity android:name=".Viewcomplaint" /> -->
71        <activity android:name="com.example.waste.makecomplaints" />
71-->src\main\AndroidManifest.xml:55:9-52
71-->src\main\AndroidManifest.xml:55:19-49
72        <activity android:name="com.example.waste.Userdetails" />
72-->src\main\AndroidManifest.xml:56:9-49
72-->src\main\AndroidManifest.xml:56:19-46
73        <activity android:name="com.example.waste.Registrationuser" />
73-->src\main\AndroidManifest.xml:57:9-54
73-->src\main\AndroidManifest.xml:57:19-51
74        <activity android:name="com.example.waste.UserLogins" />
74-->src\main\AndroidManifest.xml:58:9-48
74-->src\main\AndroidManifest.xml:58:19-45
75        <!--
76             The API key for Google Maps-based APIs is defined as a string resource.
77             (See the file "res/values/google_maps_api.xml").
78             Note that the API key is linked to the encryption key used to sign the APK.
79             You need a different API key for each encryption key, including the release key that is used to
80             sign the APK for publishing.
81             You can define the keys for the debug and release targets in src/debug/ and src/release/.
82        -->
83        <activity
83-->src\main\AndroidManifest.xml:67:9-69:64
84            android:name="com.example.waste.Googlemap"
84-->src\main\AndroidManifest.xml:68:13-38
85            android:label="@string/title_activity_googlemap" />
85-->src\main\AndroidManifest.xml:69:13-61
86        <activity android:name="com.example.waste.Binslocation" />
86-->src\main\AndroidManifest.xml:70:9-50
86-->src\main\AndroidManifest.xml:70:19-47
87        <activity android:name="com.example.waste.MainActivity" >
87-->src\main\AndroidManifest.xml:71:9-77:20
87-->src\main\AndroidManifest.xml:71:19-47
88            <intent-filter>
88-->src\main\AndroidManifest.xml:72:13-76:29
89                <action android:name="android.intent.action.MAIN" />
89-->src\main\AndroidManifest.xml:73:17-69
89-->src\main\AndroidManifest.xml:73:25-66
90
91                <category android:name="android.intent.category.LAUNCHER" />
91-->src\main\AndroidManifest.xml:75:17-77
91-->src\main\AndroidManifest.xml:75:27-74
92            </intent-filter>
93        </activity>
94        <!-- Needs to be explicitly declared on P+ -->
95        <uses-library
95-->[com.google.android.gms:play-services-maps:17.0.0] AndroidManifest.xml:33:9-35:40
96            android:name="org.apache.http.legacy"
96-->[com.google.android.gms:play-services-maps:17.0.0] AndroidManifest.xml:34:13-50
97            android:required="false" />
97-->[com.google.android.gms:play-services-maps:17.0.0] AndroidManifest.xml:35:13-37
98
99        <activity
99-->[com.google.android.gms:play-services-base:17.0.0] AndroidManifest.xml:23:9-26:75
100            android:name="com.google.android.gms.common.api.GoogleApiActivity"
100-->[com.google.android.gms:play-services-base:17.0.0] AndroidManifest.xml:24:13-79
101            android:exported="false"
101-->[com.google.android.gms:play-services-base:17.0.0] AndroidManifest.xml:25:13-37
102            android:theme="@android:style/Theme.Translucent.NoTitleBar" />
102-->[com.google.android.gms:play-services-base:17.0.0] AndroidManifest.xml:26:13-72
103
104        <meta-data
104-->[com.google.android.gms:play-services-basement:17.0.0] AndroidManifest.xml:23:9-25:69
105            android:name="com.google.android.gms.version"
105-->[com.google.android.gms:play-services-basement:17.0.0] AndroidManifest.xml:24:13-58
106            android:value="@integer/google_play_services_version" />
106-->[com.google.android.gms:play-services-basement:17.0.0] AndroidManifest.xml:25:13-66
107    </application>
108
109</manifest>